<?xml version="1.0" encoding="UTF-8"?>
<testng-results skipped="0" failed="0" total="1" passed="1">
  <reporter-output>
  </reporter-output>
  <suite name="Default suite" duration-ms="11811" started-at="2016-08-29T03:42:22Z" finished-at="2016-08-29T03:42:33Z">
    <groups>
    </groups>
    <test name="Default test" duration-ms="11811" started-at="2016-08-29T03:42:22Z" finished-at="2016-08-29T03:42:33Z">
      <class name="com.orangehrm.tests.AdminLoginTest">
        <test-method status="PASS" signature="launchApp()[pri:0, instance:com.orangehrm.tests.AdminLoginTest@6bbe02b6]" name="launchApp" is-config="true" duration-ms="6595" started-at="2016-08-29T09:12:22Z" finished-at="2016-08-29T09:12:28Z">
          <reporter-output>
          </reporter-output>
        </test-method> <!-- launchApp -->
        <test-method status="PASS" signature="logintest()[pri:0, instance:com.orangehrm.tests.AdminLoginTest@6bbe02b6]" name="logintest" duration-ms="5197" started-at="2016-08-29T09:12:28Z" finished-at="2016-08-29T09:12:33Z">
          <reporter-output>
          </reporter-output>
        </test-method> <!-- logintest -->
      </class> <!-- com.orangehrm.tests.AdminLoginTest -->
    </test> <!-- Default test -->
  </suite> <!-- Default suite -->
</testng-results>
