<?xml version="1.0" encoding="UTF-8"?>
<testng-results skipped="0" failed="0" total="1" passed="1">
  <reporter-output>
  </reporter-output>
  <suite name="Default suite" duration-ms="16639" started-at="2016-08-29T14:05:01Z" finished-at="2016-08-29T14:05:18Z">
    <groups>
    </groups>
    <test name="Default test" duration-ms="16639" started-at="2016-08-29T14:05:01Z" finished-at="2016-08-29T14:05:18Z">
      <class name="com.orangehrm.tests.HybridTest">
        <test-method status="PASS" signature="hybridTest()[pri:0, instance:com.orangehrm.tests.HybridTest@18feb66a]" name="hybridTest" duration-ms="16624" started-at="2016-08-29T19:35:01Z" finished-at="2016-08-29T19:35:18Z">
          <reporter-output>
          </reporter-output>
        </test-method> <!-- hybridTest -->
      </class> <!-- com.orangehrm.tests.HybridTest -->
    </test> <!-- Default test -->
  </suite> <!-- Default suite -->
</testng-results>
