<?xml version="1.0" encoding="UTF-8"?>
<testng-results skipped="0" failed="0" total="1" passed="1">
  <reporter-output>
  </reporter-output>
  <suite name="Default suite" duration-ms="38437" started-at="2016-08-26T03:59:58Z" finished-at="2016-08-26T04:00:36Z">
    <groups>
    </groups>
    <test name="Default test" duration-ms="38437" started-at="2016-08-26T03:59:58Z" finished-at="2016-08-26T04:00:36Z">
      <class name="com.orangehrm.tests.KeywordDrivenTest">
        <test-method status="PASS" signature="keywordtest()[pri:0, instance:com.orangehrm.tests.KeywordDrivenTest@43d8add3]" name="keywordtest" duration-ms="38421" started-at="2016-08-26T09:29:58Z" finished-at="2016-08-26T09:30:36Z">
          <reporter-output>
          </reporter-output>
        </test-method> <!-- keywordtest -->
      </class> <!-- com.orangehrm.tests.KeywordDrivenTest -->
    </test> <!-- Default test -->
  </suite> <!-- Default suite -->
</testng-results>
