<?xml version="1.0" encoding="UTF-8"?>
<!-- Generated by org.testng.reporters.JUnitXMLReporter -->
<testsuite hostname="suresh-PC" tests="5" failures="0" timestamp="24 Aug 2016 03:37:59 GMT" time="1.01" errors="0">
  <testcase name="logintest" time="0.03" classname="LoginDDT"/>
  <testcase name="logintest" time="0.004" classname="LoginDDT"/>
  <testcase name="logintest" time="0.004" classname="LoginDDT"/>
  <testcase name="logintest" time="0.021" classname="LoginDDT"/>
  <testcase name="logintest" time="0.002" classname="LoginDDT"/>
</testsuite>
